#trace_num=1 recovered=0 / 1024
#trace_num=2 recovered=0 / 1024
#trace_num=3 recovered=0 / 1024
#trace_num=4 recovered=0 / 1024
#trace_num=5 recovered=0 / 1024
#trace_num=6 recovered=0 / 1024
#trace_num=7 recovered=0 / 1024
#trace_num=8 recovered=0 / 1024
#trace_num=9 recovered=0 / 1024
#trace_num=10 recovered=0 / 1024
#trace_num=11 recovered=0 / 1024
#trace_num=12 recovered=0 / 1024
#trace_num=13 recovered=0 / 1024
#trace_num=14 recovered=0 / 1024
#trace_num=15 recovered=0 / 1024
#trace_num=16 recovered=0 / 1024
#trace_num=17 recovered=0 / 1024
#trace_num=18 recovered=1 / 1024
#trace_num=19 recovered=0 / 1024
#trace_num=20 recovered=1 / 1024
#trace_num=21 recovered=1 / 1024
#trace_num=22 recovered=0 / 1024
#trace_num=23 recovered=2 / 1024
#trace_num=24 recovered=1 / 1024
#trace_num=25 recovered=0 / 1024
#trace_num=26 recovered=1 / 1024
#trace_num=27 recovered=1 / 1024
#trace_num=28 recovered=1 / 1024
#trace_num=29 recovered=0 / 1024
#trace_num=30 recovered=1 / 1024
#trace_num=31 recovered=0 / 1024
#trace_num=32 recovered=4 / 1024
#trace_num=33 recovered=4 / 1024
#trace_num=34 recovered=4 / 1024
#trace_num=35 recovered=4 / 1024
#trace_num=36 recovered=3 / 1024
#trace_num=37 recovered=2 / 1024
#trace_num=38 recovered=4 / 1024
#trace_num=39 recovered=5 / 1024
#trace_num=40 recovered=5 / 1024
#trace_num=41 recovered=6 / 1024
#trace_num=42 recovered=5 / 1024
#trace_num=43 recovered=6 / 1024
#trace_num=44 recovered=5 / 1024
#trace_num=45 recovered=6 / 1024
#trace_num=46 recovered=4 / 1024
#trace_num=47 recovered=5 / 1024
#trace_num=48 recovered=4 / 1024
#trace_num=49 recovered=6 / 1024
#trace_num=50 recovered=9 / 1024
#trace_num=51 recovered=8 / 1024
#trace_num=52 recovered=9 / 1024
#trace_num=53 recovered=9 / 1024
#trace_num=54 recovered=11 / 1024
#trace_num=55 recovered=11 / 1024
#trace_num=56 recovered=13 / 1024
#trace_num=57 recovered=11 / 1024
#trace_num=58 recovered=12 / 1024
#trace_num=59 recovered=15 / 1024
#trace_num=60 recovered=14 / 1024
#trace_num=61 recovered=18 / 1024
#trace_num=62 recovered=18 / 1024
#trace_num=63 recovered=19 / 1024
#trace_num=64 recovered=18 / 1024
#trace_num=65 recovered=19 / 1024
#trace_num=66 recovered=23 / 1024
#trace_num=67 recovered=24 / 1024
#trace_num=68 recovered=25 / 1024
#trace_num=69 recovered=22 / 1024
#trace_num=70 recovered=26 / 1024
#trace_num=71 recovered=32 / 1024
#trace_num=72 recovered=32 / 1024
#trace_num=73 recovered=35 / 1024
#trace_num=74 recovered=37 / 1024
#trace_num=75 recovered=37 / 1024
#trace_num=76 recovered=34 / 1024
#trace_num=77 recovered=39 / 1024
#trace_num=78 recovered=43 / 1024
#trace_num=79 recovered=44 / 1024
#trace_num=80 recovered=44 / 1024
#trace_num=81 recovered=48 / 1024
#trace_num=82 recovered=53 / 1024
#trace_num=83 recovered=55 / 1024
#trace_num=84 recovered=53 / 1024
#trace_num=85 recovered=54 / 1024
#trace_num=86 recovered=64 / 1024
#trace_num=87 recovered=65 / 1024
#trace_num=88 recovered=67 / 1024
#trace_num=89 recovered=69 / 1024
#trace_num=90 recovered=70 / 1024
#trace_num=91 recovered=69 / 1024
#trace_num=92 recovered=78 / 1024
#trace_num=93 recovered=86 / 1024
#trace_num=94 recovered=88 / 1024
#trace_num=95 recovered=88 / 1024
#trace_num=96 recovered=84 / 1024
#trace_num=97 recovered=94 / 1024
#trace_num=98 recovered=98 / 1024
#trace_num=99 recovered=96 / 1024
#trace_num=100 recovered=105 / 1024
#trace_num=101 recovered=103 / 1024
#trace_num=102 recovered=107 / 1024
#trace_num=103 recovered=105 / 1024
#trace_num=104 recovered=108 / 1024
#trace_num=105 recovered=111 / 1024
#trace_num=106 recovered=111 / 1024
#trace_num=107 recovered=113 / 1024
#trace_num=108 recovered=118 / 1024
#trace_num=109 recovered=121 / 1024
#trace_num=110 recovered=120 / 1024
#trace_num=111 recovered=117 / 1024
#trace_num=112 recovered=124 / 1024
#trace_num=113 recovered=132 / 1024
#trace_num=114 recovered=136 / 1024
#trace_num=115 recovered=133 / 1024
#trace_num=116 recovered=137 / 1024
#trace_num=117 recovered=144 / 1024
#trace_num=118 recovered=149 / 1024
#trace_num=119 recovered=153 / 1024
#trace_num=120 recovered=164 / 1024
#trace_num=121 recovered=161 / 1024
#trace_num=122 recovered=168 / 1024
#trace_num=123 recovered=165 / 1024
#trace_num=124 recovered=175 / 1024
#trace_num=125 recovered=179 / 1024
#trace_num=126 recovered=179 / 1024
#trace_num=127 recovered=192 / 1024
#trace_num=128 recovered=199 / 1024
#trace_num=129 recovered=198 / 1024
#trace_num=130 recovered=207 / 1024
#trace_num=131 recovered=214 / 1024
#trace_num=132 recovered=207 / 1024
#trace_num=133 recovered=213 / 1024
#trace_num=134 recovered=215 / 1024
#trace_num=135 recovered=216 / 1024
#trace_num=136 recovered=225 / 1024
#trace_num=137 recovered=233 / 1024
#trace_num=138 recovered=240 / 1024
#trace_num=139 recovered=246 / 1024
#trace_num=140 recovered=246 / 1024
#trace_num=141 recovered=249 / 1024
#trace_num=142 recovered=241 / 1024
#trace_num=143 recovered=255 / 1024
#trace_num=144 recovered=254 / 1024
#trace_num=145 recovered=253 / 1024
#trace_num=146 recovered=258 / 1024
#trace_num=147 recovered=257 / 1024
#trace_num=148 recovered=266 / 1024
#trace_num=149 recovered=267 / 1024
#trace_num=150 recovered=267 / 1024
#trace_num=151 recovered=279 / 1024
#trace_num=152 recovered=278 / 1024
#trace_num=153 recovered=278 / 1024
#trace_num=154 recovered=286 / 1024
#trace_num=155 recovered=290 / 1024
#trace_num=156 recovered=293 / 1024
#trace_num=157 recovered=297 / 1024
#trace_num=158 recovered=307 / 1024
#trace_num=159 recovered=307 / 1024
#trace_num=160 recovered=323 / 1024
#trace_num=161 recovered=327 / 1024
#trace_num=162 recovered=329 / 1024
#trace_num=163 recovered=336 / 1024
#trace_num=164 recovered=336 / 1024
#trace_num=165 recovered=344 / 1024
#trace_num=166 recovered=347 / 1024
#trace_num=167 recovered=345 / 1024
#trace_num=168 recovered=346 / 1024
#trace_num=169 recovered=353 / 1024
#trace_num=170 recovered=362 / 1024
#trace_num=171 recovered=368 / 1024
#trace_num=172 recovered=364 / 1024
#trace_num=173 recovered=367 / 1024
#trace_num=174 recovered=368 / 1024
#trace_num=175 recovered=370 / 1024
#trace_num=176 recovered=377 / 1024
#trace_num=177 recovered=384 / 1024
#trace_num=178 recovered=384 / 1024
#trace_num=179 recovered=388 / 1024
#trace_num=180 recovered=391 / 1024
#trace_num=181 recovered=405 / 1024
#trace_num=182 recovered=411 / 1024
#trace_num=183 recovered=414 / 1024
#trace_num=184 recovered=424 / 1024
#trace_num=185 recovered=423 / 1024
#trace_num=186 recovered=430 / 1024
#trace_num=187 recovered=436 / 1024
#trace_num=188 recovered=433 / 1024
#trace_num=189 recovered=440 / 1024
#trace_num=190 recovered=448 / 1024
#trace_num=191 recovered=454 / 1024
#trace_num=192 recovered=451 / 1024
#trace_num=193 recovered=463 / 1024
#trace_num=194 recovered=464 / 1024
#trace_num=195 recovered=474 / 1024
#trace_num=196 recovered=475 / 1024
#trace_num=197 recovered=479 / 1024
#trace_num=198 recovered=485 / 1024
#trace_num=199 recovered=486 / 1024
#trace_num=200 recovered=491 / 1024
#trace_num=201 recovered=491 / 1024
#trace_num=202 recovered=501 / 1024
#trace_num=203 recovered=501 / 1024
#trace_num=204 recovered=505 / 1024
#trace_num=205 recovered=505 / 1024
#trace_num=206 recovered=511 / 1024
#trace_num=207 recovered=515 / 1024
#trace_num=208 recovered=513 / 1024
#trace_num=209 recovered=520 / 1024
#trace_num=210 recovered=521 / 1024
#trace_num=211 recovered=520 / 1024
#trace_num=212 recovered=529 / 1024
#trace_num=213 recovered=535 / 1024
#trace_num=214 recovered=536 / 1024
#trace_num=215 recovered=541 / 1024
#trace_num=216 recovered=542 / 1024
#trace_num=217 recovered=545 / 1024
#trace_num=218 recovered=553 / 1024
#trace_num=219 recovered=562 / 1024
#trace_num=220 recovered=568 / 1024
#trace_num=221 recovered=569 / 1024
#trace_num=222 recovered=573 / 1024
#trace_num=223 recovered=579 / 1024
#trace_num=224 recovered=584 / 1024
#trace_num=225 recovered=582 / 1024
#trace_num=226 recovered=589 / 1024
#trace_num=227 recovered=591 / 1024
#trace_num=228 recovered=597 / 1024
#trace_num=229 recovered=596 / 1024
#trace_num=230 recovered=599 / 1024
#trace_num=231 recovered=605 / 1024
#trace_num=232 recovered=604 / 1024
#trace_num=233 recovered=610 / 1024
#trace_num=234 recovered=614 / 1024
#trace_num=235 recovered=620 / 1024
#trace_num=236 recovered=619 / 1024
#trace_num=237 recovered=619 / 1024
#trace_num=238 recovered=620 / 1024
#trace_num=239 recovered=624 / 1024
#trace_num=240 recovered=632 / 1024
#trace_num=241 recovered=637 / 1024
#trace_num=242 recovered=637 / 1024
#trace_num=243 recovered=641 / 1024
#trace_num=244 recovered=649 / 1024
#trace_num=245 recovered=650 / 1024
#trace_num=246 recovered=651 / 1024
#trace_num=247 recovered=655 / 1024
#trace_num=248 recovered=656 / 1024
#trace_num=249 recovered=662 / 1024
#trace_num=250 recovered=666 / 1024
#trace_num=251 recovered=677 / 1024
#trace_num=252 recovered=682 / 1024
#trace_num=253 recovered=688 / 1024
#trace_num=254 recovered=693 / 1024
#trace_num=255 recovered=691 / 1024
#trace_num=256 recovered=696 / 1024
#trace_num=257 recovered=699 / 1024
#trace_num=258 recovered=699 / 1024
#trace_num=259 recovered=701 / 1024
#trace_num=260 recovered=705 / 1024
#trace_num=261 recovered=698 / 1024
#trace_num=262 recovered=699 / 1024
#trace_num=263 recovered=703 / 1024
#trace_num=264 recovered=707 / 1024
#trace_num=265 recovered=702 / 1024
#trace_num=266 recovered=706 / 1024
#trace_num=267 recovered=708 / 1024
#trace_num=268 recovered=711 / 1024
#trace_num=269 recovered=712 / 1024
#trace_num=270 recovered=716 / 1024
#trace_num=271 recovered=713 / 1024
#trace_num=272 recovered=723 / 1024
#trace_num=273 recovered=730 / 1024
#trace_num=274 recovered=737 / 1024
#trace_num=275 recovered=739 / 1024
#trace_num=276 recovered=743 / 1024
#trace_num=277 recovered=745 / 1024
#trace_num=278 recovered=748 / 1024
#trace_num=279 recovered=753 / 1024
#trace_num=280 recovered=756 / 1024
#trace_num=281 recovered=754 / 1024
#trace_num=282 recovered=759 / 1024
#trace_num=283 recovered=761 / 1024
#trace_num=284 recovered=765 / 1024
#trace_num=285 recovered=765 / 1024
#trace_num=286 recovered=770 / 1024
#trace_num=287 recovered=771 / 1024
#trace_num=288 recovered=767 / 1024
#trace_num=289 recovered=773 / 1024
#trace_num=290 recovered=770 / 1024
#trace_num=291 recovered=775 / 1024
#trace_num=292 recovered=785 / 1024
#trace_num=293 recovered=788 / 1024
#trace_num=294 recovered=788 / 1024
#trace_num=295 recovered=792 / 1024
#trace_num=296 recovered=794 / 1024
#trace_num=297 recovered=797 / 1024
#trace_num=298 recovered=794 / 1024
#trace_num=299 recovered=800 / 1024
#trace_num=300 recovered=803 / 1024
#trace_num=301 recovered=803 / 1024
#trace_num=302 recovered=812 / 1024
#trace_num=303 recovered=810 / 1024
#trace_num=304 recovered=813 / 1024
#trace_num=305 recovered=811 / 1024
#trace_num=306 recovered=809 / 1024
#trace_num=307 recovered=811 / 1024
#trace_num=308 recovered=817 / 1024
#trace_num=309 recovered=817 / 1024
#trace_num=310 recovered=815 / 1024
#trace_num=311 recovered=818 / 1024
#trace_num=312 recovered=819 / 1024
#trace_num=313 recovered=817 / 1024
#trace_num=314 recovered=819 / 1024
#trace_num=315 recovered=819 / 1024
#trace_num=316 recovered=818 / 1024
#trace_num=317 recovered=820 / 1024
#trace_num=318 recovered=827 / 1024
#trace_num=319 recovered=829 / 1024
#trace_num=320 recovered=833 / 1024
#trace_num=321 recovered=838 / 1024
#trace_num=322 recovered=837 / 1024
#trace_num=323 recovered=844 / 1024
#trace_num=324 recovered=846 / 1024
#trace_num=325 recovered=847 / 1024
#trace_num=326 recovered=849 / 1024
#trace_num=327 recovered=850 / 1024
#trace_num=328 recovered=850 / 1024
#trace_num=329 recovered=852 / 1024
#trace_num=330 recovered=855 / 1024
#trace_num=331 recovered=854 / 1024
#trace_num=332 recovered=856 / 1024
#trace_num=333 recovered=855 / 1024
#trace_num=334 recovered=855 / 1024
#trace_num=335 recovered=861 / 1024
#trace_num=336 recovered=861 / 1024
#trace_num=337 recovered=865 / 1024
#trace_num=338 recovered=861 / 1024
#trace_num=339 recovered=855 / 1024
#trace_num=340 recovered=858 / 1024
#trace_num=341 recovered=861 / 1024
#trace_num=342 recovered=865 / 1024
#trace_num=343 recovered=866 / 1024
#trace_num=344 recovered=865 / 1024
#trace_num=345 recovered=866 / 1024
#trace_num=346 recovered=865 / 1024
#trace_num=347 recovered=868 / 1024
#trace_num=348 recovered=872 / 1024
#trace_num=349 recovered=874 / 1024
#trace_num=350 recovered=876 / 1024
#trace_num=351 recovered=881 / 1024
#trace_num=352 recovered=886 / 1024
#trace_num=353 recovered=889 / 1024
#trace_num=354 recovered=891 / 1024
#trace_num=355 recovered=892 / 1024
#trace_num=356 recovered=892 / 1024
#trace_num=357 recovered=893 / 1024
#trace_num=358 recovered=896 / 1024
#trace_num=359 recovered=893 / 1024
#trace_num=360 recovered=891 / 1024
#trace_num=361 recovered=891 / 1024
#trace_num=362 recovered=893 / 1024
#trace_num=363 recovered=894 / 1024
#trace_num=364 recovered=896 / 1024
#trace_num=365 recovered=895 / 1024
#trace_num=366 recovered=898 / 1024
#trace_num=367 recovered=892 / 1024
#trace_num=368 recovered=892 / 1024
#trace_num=369 recovered=894 / 1024
#trace_num=370 recovered=899 / 1024
#trace_num=371 recovered=902 / 1024
#trace_num=372 recovered=903 / 1024
#trace_num=373 recovered=904 / 1024
#trace_num=374 recovered=905 / 1024
#trace_num=375 recovered=906 / 1024
#trace_num=376 recovered=906 / 1024
#trace_num=377 recovered=904 / 1024
#trace_num=378 recovered=906 / 1024
#trace_num=379 recovered=910 / 1024
#trace_num=380 recovered=910 / 1024
#trace_num=381 recovered=912 / 1024
#trace_num=382 recovered=913 / 1024
#trace_num=383 recovered=914 / 1024
#trace_num=384 recovered=916 / 1024
#trace_num=385 recovered=921 / 1024
#trace_num=386 recovered=923 / 1024
#trace_num=387 recovered=919 / 1024
#trace_num=388 recovered=921 / 1024
#trace_num=389 recovered=924 / 1024
#trace_num=390 recovered=919 / 1024
#trace_num=391 recovered=920 / 1024
#trace_num=392 recovered=922 / 1024
#trace_num=393 recovered=925 / 1024
#trace_num=394 recovered=923 / 1024
#trace_num=395 recovered=924 / 1024
#trace_num=396 recovered=929 / 1024
#trace_num=397 recovered=928 / 1024
#trace_num=398 recovered=924 / 1024
#trace_num=399 recovered=931 / 1024
#trace_num=400 recovered=931 / 1024
#trace_num=401 recovered=931 / 1024
#trace_num=402 recovered=935 / 1024
#trace_num=403 recovered=939 / 1024
#trace_num=404 recovered=935 / 1024
#trace_num=405 recovered=937 / 1024
#trace_num=406 recovered=940 / 1024
#trace_num=407 recovered=942 / 1024
#trace_num=408 recovered=944 / 1024
#trace_num=409 recovered=942 / 1024
#trace_num=410 recovered=943 / 1024
#trace_num=411 recovered=942 / 1024
#trace_num=412 recovered=941 / 1024
#trace_num=413 recovered=945 / 1024
#trace_num=414 recovered=946 / 1024
#trace_num=415 recovered=947 / 1024
#trace_num=416 recovered=945 / 1024
#trace_num=417 recovered=947 / 1024
#trace_num=418 recovered=948 / 1024
#trace_num=419 recovered=950 / 1024
#trace_num=420 recovered=949 / 1024
#trace_num=421 recovered=951 / 1024
#trace_num=422 recovered=953 / 1024
#trace_num=423 recovered=959 / 1024
#trace_num=424 recovered=955 / 1024
#trace_num=425 recovered=956 / 1024
#trace_num=426 recovered=956 / 1024
#trace_num=427 recovered=955 / 1024
#trace_num=428 recovered=953 / 1024
#trace_num=429 recovered=956 / 1024
#trace_num=430 recovered=956 / 1024
#trace_num=431 recovered=958 / 1024
#trace_num=432 recovered=951 / 1024
#trace_num=433 recovered=952 / 1024
#trace_num=434 recovered=955 / 1024
#trace_num=435 recovered=957 / 1024
#trace_num=436 recovered=955 / 1024
#trace_num=437 recovered=958 / 1024
#trace_num=438 recovered=960 / 1024
#trace_num=439 recovered=962 / 1024
#trace_num=440 recovered=964 / 1024
#trace_num=441 recovered=963 / 1024
#trace_num=442 recovered=966 / 1024
#trace_num=443 recovered=968 / 1024
#trace_num=444 recovered=968 / 1024
#trace_num=445 recovered=969 / 1024
#trace_num=446 recovered=968 / 1024
#trace_num=447 recovered=970 / 1024
#trace_num=448 recovered=973 / 1024
#trace_num=449 recovered=972 / 1024
#trace_num=450 recovered=972 / 1024
#trace_num=451 recovered=972 / 1024
#trace_num=452 recovered=973 / 1024
#trace_num=453 recovered=973 / 1024
#trace_num=454 recovered=975 / 1024
#trace_num=455 recovered=977 / 1024
#trace_num=456 recovered=975 / 1024
#trace_num=457 recovered=973 / 1024
#trace_num=458 recovered=973 / 1024
#trace_num=459 recovered=977 / 1024
#trace_num=460 recovered=977 / 1024
#trace_num=461 recovered=978 / 1024
#trace_num=462 recovered=977 / 1024
#trace_num=463 recovered=976 / 1024
#trace_num=464 recovered=977 / 1024
#trace_num=465 recovered=979 / 1024
#trace_num=466 recovered=979 / 1024
#trace_num=467 recovered=983 / 1024
#trace_num=468 recovered=983 / 1024
#trace_num=469 recovered=984 / 1024
#trace_num=470 recovered=981 / 1024
#trace_num=471 recovered=982 / 1024
#trace_num=472 recovered=984 / 1024
#trace_num=473 recovered=984 / 1024
#trace_num=474 recovered=982 / 1024
#trace_num=475 recovered=982 / 1024
#trace_num=476 recovered=982 / 1024
#trace_num=477 recovered=984 / 1024
#trace_num=478 recovered=983 / 1024
#trace_num=479 recovered=984 / 1024
#trace_num=480 recovered=984 / 1024
#trace_num=481 recovered=986 / 1024
#trace_num=482 recovered=987 / 1024
#trace_num=483 recovered=986 / 1024
#trace_num=484 recovered=990 / 1024
#trace_num=485 recovered=987 / 1024
#trace_num=486 recovered=988 / 1024
#trace_num=487 recovered=988 / 1024
#trace_num=488 recovered=987 / 1024
#trace_num=489 recovered=987 / 1024
#trace_num=490 recovered=988 / 1024
#trace_num=491 recovered=990 / 1024
#trace_num=492 recovered=990 / 1024
#trace_num=493 recovered=988 / 1024
#trace_num=494 recovered=989 / 1024
#trace_num=495 recovered=988 / 1024
#trace_num=496 recovered=991 / 1024
#trace_num=497 recovered=992 / 1024
#trace_num=498 recovered=992 / 1024
#trace_num=499 recovered=990 / 1024
#trace_num=500 recovered=992 / 1024
#trace_num=501 recovered=993 / 1024
#trace_num=502 recovered=994 / 1024
#trace_num=503 recovered=994 / 1024
#trace_num=504 recovered=995 / 1024
#trace_num=505 recovered=996 / 1024
#trace_num=506 recovered=993 / 1024
#trace_num=507 recovered=993 / 1024
#trace_num=508 recovered=994 / 1024
#trace_num=509 recovered=994 / 1024
#trace_num=510 recovered=992 / 1024
#trace_num=511 recovered=996 / 1024
#trace_num=512 recovered=998 / 1024
#trace_num=513 recovered=999 / 1024
#trace_num=514 recovered=1000 / 1024
#trace_num=515 recovered=1001 / 1024
#trace_num=516 recovered=1001 / 1024
#trace_num=517 recovered=1000 / 1024
#trace_num=518 recovered=1000 / 1024
#trace_num=519 recovered=1001 / 1024
#trace_num=520 recovered=1002 / 1024
#trace_num=521 recovered=1001 / 1024
#trace_num=522 recovered=1000 / 1024
#trace_num=523 recovered=1004 / 1024
#trace_num=524 recovered=1004 / 1024
#trace_num=525 recovered=1002 / 1024
#trace_num=526 recovered=1004 / 1024
#trace_num=527 recovered=1002 / 1024
#trace_num=528 recovered=1003 / 1024
#trace_num=529 recovered=1002 / 1024
#trace_num=530 recovered=1002 / 1024
#trace_num=531 recovered=1002 / 1024
#trace_num=532 recovered=1004 / 1024
#trace_num=533 recovered=1003 / 1024
#trace_num=534 recovered=1000 / 1024
#trace_num=535 recovered=999 / 1024
#trace_num=536 recovered=999 / 1024
#trace_num=537 recovered=1001 / 1024
#trace_num=538 recovered=1000 / 1024
#trace_num=539 recovered=1000 / 1024
#trace_num=540 recovered=1000 / 1024
#trace_num=541 recovered=1001 / 1024
#trace_num=542 recovered=1002 / 1024
#trace_num=543 recovered=1005 / 1024
#trace_num=544 recovered=1007 / 1024
#trace_num=545 recovered=1005 / 1024
#trace_num=546 recovered=1008 / 1024
#trace_num=547 recovered=1010 / 1024
#trace_num=548 recovered=1009 / 1024
#trace_num=549 recovered=1009 / 1024
#trace_num=550 recovered=1009 / 1024
#trace_num=551 recovered=1009 / 1024
#trace_num=552 recovered=1008 / 1024
#trace_num=553 recovered=1009 / 1024
#trace_num=554 recovered=1010 / 1024
#trace_num=555 recovered=1010 / 1024
#trace_num=556 recovered=1010 / 1024
#trace_num=557 recovered=1010 / 1024
#trace_num=558 recovered=1011 / 1024
#trace_num=559 recovered=1011 / 1024
#trace_num=560 recovered=1009 / 1024
#trace_num=561 recovered=1010 / 1024
#trace_num=562 recovered=1010 / 1024
#trace_num=563 recovered=1011 / 1024
#trace_num=564 recovered=1011 / 1024
#trace_num=565 recovered=1012 / 1024
#trace_num=566 recovered=1012 / 1024
#trace_num=567 recovered=1011 / 1024
#trace_num=568 recovered=1011 / 1024
#trace_num=569 recovered=1012 / 1024
#trace_num=570 recovered=1012 / 1024
#trace_num=571 recovered=1012 / 1024
#trace_num=572 recovered=1012 / 1024
#trace_num=573 recovered=1012 / 1024
#trace_num=574 recovered=1012 / 1024
#trace_num=575 recovered=1012 / 1024
#trace_num=576 recovered=1012 / 1024
#trace_num=577 recovered=1012 / 1024
#trace_num=578 recovered=1012 / 1024
#trace_num=579 recovered=1012 / 1024
#trace_num=580 recovered=1012 / 1024
#trace_num=581 recovered=1012 / 1024
#trace_num=582 recovered=1011 / 1024
#trace_num=583 recovered=1011 / 1024
#trace_num=584 recovered=1011 / 1024
#trace_num=585 recovered=1011 / 1024
#trace_num=586 recovered=1011 / 1024
#trace_num=587 recovered=1011 / 1024
#trace_num=588 recovered=1011 / 1024
#trace_num=589 recovered=1012 / 1024
#trace_num=590 recovered=1012 / 1024
#trace_num=591 recovered=1013 / 1024
#trace_num=592 recovered=1014 / 1024
#trace_num=593 recovered=1014 / 1024
#trace_num=594 recovered=1015 / 1024
#trace_num=595 recovered=1015 / 1024
#trace_num=596 recovered=1015 / 1024
#trace_num=597 recovered=1014 / 1024
#trace_num=598 recovered=1014 / 1024
#trace_num=599 recovered=1014 / 1024
#trace_num=600 recovered=1014 / 1024
#trace_num=601 recovered=1014 / 1024
#trace_num=602 recovered=1014 / 1024
#trace_num=603 recovered=1014 / 1024
#trace_num=604 recovered=1014 / 1024
#trace_num=605 recovered=1014 / 1024
#trace_num=606 recovered=1015 / 1024
#trace_num=607 recovered=1015 / 1024
#trace_num=608 recovered=1015 / 1024
#trace_num=609 recovered=1014 / 1024
#trace_num=610 recovered=1014 / 1024
#trace_num=611 recovered=1014 / 1024
#trace_num=612 recovered=1015 / 1024
#trace_num=613 recovered=1015 / 1024
#trace_num=614 recovered=1014 / 1024
#trace_num=615 recovered=1016 / 1024
#trace_num=616 recovered=1016 / 1024
#trace_num=617 recovered=1016 / 1024
#trace_num=618 recovered=1017 / 1024
#trace_num=619 recovered=1017 / 1024
#trace_num=620 recovered=1018 / 1024
#trace_num=621 recovered=1017 / 1024
#trace_num=622 recovered=1016 / 1024
#trace_num=623 recovered=1016 / 1024
#trace_num=624 recovered=1017 / 1024
#trace_num=625 recovered=1017 / 1024
#trace_num=626 recovered=1017 / 1024
#trace_num=627 recovered=1017 / 1024
#trace_num=628 recovered=1016 / 1024
#trace_num=629 recovered=1017 / 1024
#trace_num=630 recovered=1018 / 1024
#trace_num=631 recovered=1018 / 1024
#trace_num=632 recovered=1017 / 1024
#trace_num=633 recovered=1017 / 1024
#trace_num=634 recovered=1018 / 1024
#trace_num=635 recovered=1017 / 1024
#trace_num=636 recovered=1017 / 1024
#trace_num=637 recovered=1017 / 1024
#trace_num=638 recovered=1017 / 1024
#trace_num=639 recovered=1017 / 1024
#trace_num=640 recovered=1017 / 1024
#trace_num=641 recovered=1017 / 1024
#trace_num=642 recovered=1017 / 1024
#trace_num=643 recovered=1018 / 1024
#trace_num=644 recovered=1018 / 1024
#trace_num=645 recovered=1017 / 1024
#trace_num=646 recovered=1017 / 1024
#trace_num=647 recovered=1017 / 1024
#trace_num=648 recovered=1016 / 1024
#trace_num=649 recovered=1017 / 1024
#trace_num=650 recovered=1017 / 1024
#trace_num=651 recovered=1017 / 1024
#trace_num=652 recovered=1018 / 1024
#trace_num=653 recovered=1018 / 1024
#trace_num=654 recovered=1018 / 1024
#trace_num=655 recovered=1018 / 1024
#trace_num=656 recovered=1017 / 1024
#trace_num=657 recovered=1018 / 1024
#trace_num=658 recovered=1018 / 1024
#trace_num=659 recovered=1018 / 1024
#trace_num=660 recovered=1018 / 1024
#trace_num=661 recovered=1019 / 1024
#trace_num=662 recovered=1019 / 1024
#trace_num=663 recovered=1018 / 1024
#trace_num=664 recovered=1019 / 1024
#trace_num=665 recovered=1019 / 1024
#trace_num=666 recovered=1019 / 1024
#trace_num=667 recovered=1019 / 1024
#trace_num=668 recovered=1019 / 1024
#trace_num=669 recovered=1019 / 1024
#trace_num=670 recovered=1019 / 1024
#trace_num=671 recovered=1019 / 1024
#trace_num=672 recovered=1020 / 1024
#trace_num=673 recovered=1021 / 1024
#trace_num=674 recovered=1021 / 1024
#trace_num=675 recovered=1021 / 1024
#trace_num=676 recovered=1021 / 1024
#trace_num=677 recovered=1021 / 1024
#trace_num=678 recovered=1021 / 1024
#trace_num=679 recovered=1021 / 1024
#trace_num=680 recovered=1021 / 1024
#trace_num=681 recovered=1021 / 1024
#trace_num=682 recovered=1021 / 1024
#trace_num=683 recovered=1021 / 1024
#trace_num=684 recovered=1021 / 1024
#trace_num=685 recovered=1021 / 1024
#trace_num=686 recovered=1021 / 1024
#trace_num=687 recovered=1021 / 1024
#trace_num=688 recovered=1021 / 1024
#trace_num=689 recovered=1021 / 1024
#trace_num=690 recovered=1021 / 1024
#trace_num=691 recovered=1021 / 1024
#trace_num=692 recovered=1021 / 1024
#trace_num=693 recovered=1021 / 1024
#trace_num=694 recovered=1021 / 1024
#trace_num=695 recovered=1021 / 1024
#trace_num=696 recovered=1021 / 1024
#trace_num=697 recovered=1021 / 1024
#trace_num=698 recovered=1021 / 1024
#trace_num=699 recovered=1021 / 1024
#trace_num=700 recovered=1021 / 1024
#trace_num=701 recovered=1020 / 1024
#trace_num=702 recovered=1022 / 1024
#trace_num=703 recovered=1022 / 1024
#trace_num=704 recovered=1022 / 1024
#trace_num=705 recovered=1022 / 1024
#trace_num=706 recovered=1021 / 1024
#trace_num=707 recovered=1022 / 1024
#trace_num=708 recovered=1021 / 1024
#trace_num=709 recovered=1019 / 1024
#trace_num=710 recovered=1021 / 1024
#trace_num=711 recovered=1019 / 1024
#trace_num=712 recovered=1020 / 1024
#trace_num=713 recovered=1019 / 1024
#trace_num=714 recovered=1019 / 1024
#trace_num=715 recovered=1021 / 1024
#trace_num=716 recovered=1021 / 1024
#trace_num=717 recovered=1021 / 1024
#trace_num=718 recovered=1021 / 1024
#trace_num=719 recovered=1021 / 1024
#trace_num=720 recovered=1021 / 1024
#trace_num=721 recovered=1020 / 1024
#trace_num=722 recovered=1019 / 1024
#trace_num=723 recovered=1020 / 1024
#trace_num=724 recovered=1020 / 1024
#trace_num=725 recovered=1021 / 1024
#trace_num=726 recovered=1021 / 1024
#trace_num=727 recovered=1021 / 1024
#trace_num=728 recovered=1022 / 1024
#trace_num=729 recovered=1022 / 1024
#trace_num=730 recovered=1022 / 1024
#trace_num=731 recovered=1022 / 1024
#trace_num=732 recovered=1022 / 1024
#trace_num=733 recovered=1023 / 1024
#trace_num=734 recovered=1023 / 1024
#trace_num=735 recovered=1023 / 1024
#trace_num=736 recovered=1023 / 1024
#trace_num=737 recovered=1023 / 1024
#trace_num=738 recovered=1023 / 1024
#trace_num=739 recovered=1023 / 1024
#trace_num=740 recovered=1023 / 1024
#trace_num=741 recovered=1023 / 1024
#trace_num=742 recovered=1023 / 1024
#trace_num=743 recovered=1023 / 1024
#trace_num=744 recovered=1023 / 1024
#trace_num=745 recovered=1023 / 1024
#trace_num=746 recovered=1023 / 1024
#trace_num=747 recovered=1023 / 1024
#trace_num=748 recovered=1023 / 1024
#trace_num=749 recovered=1023 / 1024
#trace_num=750 recovered=1023 / 1024
#trace_num=751 recovered=1023 / 1024
#trace_num=752 recovered=1023 / 1024
#trace_num=753 recovered=1023 / 1024
#trace_num=754 recovered=1023 / 1024
#trace_num=755 recovered=1023 / 1024
#trace_num=756 recovered=1023 / 1024
#trace_num=757 recovered=1023 / 1024
#trace_num=758 recovered=1023 / 1024
#trace_num=759 recovered=1023 / 1024
#trace_num=760 recovered=1023 / 1024
#trace_num=761 recovered=1023 / 1024
#trace_num=762 recovered=1023 / 1024
#trace_num=763 recovered=1023 / 1024
#trace_num=764 recovered=1023 / 1024
#trace_num=765 recovered=1023 / 1024
#trace_num=766 recovered=1023 / 1024
#trace_num=767 recovered=1023 / 1024
#trace_num=768 recovered=1023 / 1024
#trace_num=769 recovered=1023 / 1024
#trace_num=770 recovered=1023 / 1024
#trace_num=771 recovered=1023 / 1024
#trace_num=772 recovered=1023 / 1024
#trace_num=773 recovered=1023 / 1024
#trace_num=774 recovered=1023 / 1024
#trace_num=775 recovered=1023 / 1024
#trace_num=776 recovered=1023 / 1024
#trace_num=777 recovered=1023 / 1024
#trace_num=778 recovered=1023 / 1024
#trace_num=779 recovered=1023 / 1024
#trace_num=780 recovered=1023 / 1024
#trace_num=781 recovered=1023 / 1024
#trace_num=782 recovered=1023 / 1024
#trace_num=783 recovered=1023 / 1024
#trace_num=784 recovered=1023 / 1024
#trace_num=785 recovered=1023 / 1024
#trace_num=786 recovered=1023 / 1024
#trace_num=787 recovered=1023 / 1024
#trace_num=788 recovered=1023 / 1024
#trace_num=789 recovered=1023 / 1024
#trace_num=790 recovered=1023 / 1024
#trace_num=791 recovered=1023 / 1024
#trace_num=792 recovered=1023 / 1024
#trace_num=793 recovered=1023 / 1024
#trace_num=794 recovered=1023 / 1024
#trace_num=795 recovered=1023 / 1024
#trace_num=796 recovered=1023 / 1024
#trace_num=797 recovered=1023 / 1024
#trace_num=798 recovered=1023 / 1024
#trace_num=799 recovered=1023 / 1024
#trace_num=800 recovered=1023 / 1024
#trace_num=801 recovered=1023 / 1024
#trace_num=802 recovered=1023 / 1024
#trace_num=803 recovered=1023 / 1024
#trace_num=804 recovered=1023 / 1024
#trace_num=805 recovered=1023 / 1024
#trace_num=806 recovered=1023 / 1024
#trace_num=807 recovered=1023 / 1024
#trace_num=808 recovered=1023 / 1024
#trace_num=809 recovered=1023 / 1024
#trace_num=810 recovered=1023 / 1024
#trace_num=811 recovered=1023 / 1024
#trace_num=812 recovered=1023 / 1024
#trace_num=813 recovered=1023 / 1024
#trace_num=814 recovered=1023 / 1024
#trace_num=815 recovered=1023 / 1024
#trace_num=816 recovered=1023 / 1024
#trace_num=817 recovered=1023 / 1024
#trace_num=818 recovered=1023 / 1024
#trace_num=819 recovered=1023 / 1024
#trace_num=820 recovered=1023 / 1024
#trace_num=821 recovered=1023 / 1024
#trace_num=822 recovered=1023 / 1024
#trace_num=823 recovered=1023 / 1024
#trace_num=824 recovered=1023 / 1024
#trace_num=825 recovered=1023 / 1024
#trace_num=826 recovered=1023 / 1024
#trace_num=827 recovered=1023 / 1024
#trace_num=828 recovered=1023 / 1024
#trace_num=829 recovered=1023 / 1024
#trace_num=830 recovered=1023 / 1024
#trace_num=831 recovered=1023 / 1024
#trace_num=832 recovered=1023 / 1024
#trace_num=833 recovered=1023 / 1024
#trace_num=834 recovered=1023 / 1024
#trace_num=835 recovered=1023 / 1024
#trace_num=836 recovered=1023 / 1024
#trace_num=837 recovered=1023 / 1024
#trace_num=838 recovered=1023 / 1024
#trace_num=839 recovered=1023 / 1024
#trace_num=840 recovered=1023 / 1024
#trace_num=841 recovered=1023 / 1024
#trace_num=842 recovered=1023 / 1024
#trace_num=843 recovered=1023 / 1024
#trace_num=844 recovered=1023 / 1024
#trace_num=845 recovered=1023 / 1024
#trace_num=846 recovered=1023 / 1024
#trace_num=847 recovered=1023 / 1024
#trace_num=848 recovered=1024 / 1024

=== Timing Info ===
Start: 2025年 12月 15日 星期一 13:58:06 CST
End  : 2025年 12月 15日 星期一 18:54:16 CST
Elapsed: 17770 seconds
