#trace_num=1 recovered=0 / 1024
#trace_num=2 recovered=0 / 1024
#trace_num=3 recovered=0 / 1024
#trace_num=4 recovered=0 / 1024
#trace_num=5 recovered=0 / 1024
#trace_num=6 recovered=0 / 1024
#trace_num=7 recovered=0 / 1024
#trace_num=8 recovered=0 / 1024
#trace_num=9 recovered=0 / 1024
#trace_num=10 recovered=0 / 1024
#trace_num=11 recovered=0 / 1024
#trace_num=12 recovered=0 / 1024
#trace_num=13 recovered=1 / 1024
#trace_num=14 recovered=1 / 1024
#trace_num=15 recovered=1 / 1024
#trace_num=16 recovered=1 / 1024
#trace_num=17 recovered=1 / 1024
#trace_num=18 recovered=1 / 1024
#trace_num=19 recovered=4 / 1024
#trace_num=20 recovered=3 / 1024
#trace_num=21 recovered=4 / 1024
#trace_num=22 recovered=8 / 1024
#trace_num=23 recovered=5 / 1024
#trace_num=24 recovered=7 / 1024
#trace_num=25 recovered=11 / 1024
#trace_num=26 recovered=11 / 1024
#trace_num=27 recovered=14 / 1024
#trace_num=28 recovered=12 / 1024
#trace_num=29 recovered=16 / 1024
#trace_num=30 recovered=20 / 1024
#trace_num=31 recovered=21 / 1024
#trace_num=32 recovered=23 / 1024
#trace_num=33 recovered=23 / 1024
#trace_num=34 recovered=26 / 1024
#trace_num=35 recovered=35 / 1024
#trace_num=36 recovered=40 / 1024
#trace_num=37 recovered=43 / 1024
#trace_num=38 recovered=45 / 1024
#trace_num=39 recovered=50 / 1024
#trace_num=40 recovered=56 / 1024
#trace_num=41 recovered=57 / 1024
#trace_num=42 recovered=73 / 1024
#trace_num=43 recovered=69 / 1024
#trace_num=44 recovered=72 / 1024
#trace_num=45 recovered=83 / 1024
#trace_num=46 recovered=87 / 1024
#trace_num=47 recovered=98 / 1024
#trace_num=48 recovered=104 / 1024
#trace_num=49 recovered=115 / 1024
#trace_num=50 recovered=124 / 1024
#trace_num=51 recovered=123 / 1024
#trace_num=52 recovered=134 / 1024
#trace_num=53 recovered=137 / 1024
#trace_num=54 recovered=143 / 1024
#trace_num=55 recovered=150 / 1024
#trace_num=56 recovered=159 / 1024
#trace_num=57 recovered=172 / 1024
#trace_num=58 recovered=173 / 1024
#trace_num=59 recovered=181 / 1024
#trace_num=60 recovered=188 / 1024
#trace_num=61 recovered=194 / 1024
#trace_num=62 recovered=205 / 1024
#trace_num=63 recovered=214 / 1024
#trace_num=64 recovered=227 / 1024
#trace_num=65 recovered=232 / 1024
#trace_num=66 recovered=243 / 1024
#trace_num=67 recovered=252 / 1024
#trace_num=68 recovered=260 / 1024
#trace_num=69 recovered=274 / 1024
#trace_num=70 recovered=284 / 1024
#trace_num=71 recovered=291 / 1024
#trace_num=72 recovered=298 / 1024
#trace_num=73 recovered=316 / 1024
#trace_num=74 recovered=324 / 1024
#trace_num=75 recovered=325 / 1024
#trace_num=76 recovered=335 / 1024
#trace_num=77 recovered=348 / 1024
#trace_num=78 recovered=355 / 1024
#trace_num=79 recovered=368 / 1024
#trace_num=80 recovered=373 / 1024
#trace_num=81 recovered=384 / 1024
#trace_num=82 recovered=392 / 1024
#trace_num=83 recovered=405 / 1024
#trace_num=84 recovered=416 / 1024
#trace_num=85 recovered=424 / 1024
#trace_num=86 recovered=436 / 1024
#trace_num=87 recovered=437 / 1024
#trace_num=88 recovered=461 / 1024
#trace_num=89 recovered=473 / 1024
#trace_num=90 recovered=484 / 1024
#trace_num=91 recovered=495 / 1024
#trace_num=92 recovered=505 / 1024
#trace_num=93 recovered=523 / 1024
#trace_num=94 recovered=527 / 1024
#trace_num=95 recovered=533 / 1024
#trace_num=96 recovered=538 / 1024
#trace_num=97 recovered=548 / 1024
#trace_num=98 recovered=559 / 1024
#trace_num=99 recovered=564 / 1024
#trace_num=100 recovered=578 / 1024
#trace_num=101 recovered=579 / 1024
#trace_num=102 recovered=592 / 1024
#trace_num=103 recovered=605 / 1024
#trace_num=104 recovered=600 / 1024
#trace_num=105 recovered=614 / 1024
#trace_num=106 recovered=623 / 1024
#trace_num=107 recovered=630 / 1024
#trace_num=108 recovered=632 / 1024
#trace_num=109 recovered=633 / 1024
#trace_num=110 recovered=643 / 1024
#trace_num=111 recovered=644 / 1024
#trace_num=112 recovered=656 / 1024
#trace_num=113 recovered=666 / 1024
#trace_num=114 recovered=668 / 1024
#trace_num=115 recovered=671 / 1024
#trace_num=116 recovered=681 / 1024
#trace_num=117 recovered=690 / 1024
#trace_num=118 recovered=700 / 1024
#trace_num=119 recovered=703 / 1024
#trace_num=120 recovered=708 / 1024
#trace_num=121 recovered=715 / 1024
#trace_num=122 recovered=714 / 1024
#trace_num=123 recovered=733 / 1024
#trace_num=124 recovered=736 / 1024
#trace_num=125 recovered=743 / 1024
#trace_num=126 recovered=753 / 1024
#trace_num=127 recovered=763 / 1024
#trace_num=128 recovered=768 / 1024
#trace_num=129 recovered=770 / 1024
#trace_num=130 recovered=773 / 1024
#trace_num=131 recovered=778 / 1024
#trace_num=132 recovered=779 / 1024
#trace_num=133 recovered=786 / 1024
#trace_num=134 recovered=795 / 1024
#trace_num=135 recovered=791 / 1024
#trace_num=136 recovered=793 / 1024
#trace_num=137 recovered=800 / 1024
#trace_num=138 recovered=807 / 1024
#trace_num=139 recovered=820 / 1024
#trace_num=140 recovered=822 / 1024
#trace_num=141 recovered=821 / 1024
#trace_num=142 recovered=830 / 1024
#trace_num=143 recovered=840 / 1024
#trace_num=144 recovered=843 / 1024
#trace_num=145 recovered=843 / 1024
#trace_num=146 recovered=839 / 1024
#trace_num=147 recovered=842 / 1024
#trace_num=148 recovered=847 / 1024
#trace_num=149 recovered=853 / 1024
#trace_num=150 recovered=852 / 1024
#trace_num=151 recovered=854 / 1024
#trace_num=152 recovered=858 / 1024
#trace_num=153 recovered=860 / 1024
#trace_num=154 recovered=860 / 1024
#trace_num=155 recovered=868 / 1024
#trace_num=156 recovered=868 / 1024
#trace_num=157 recovered=870 / 1024
#trace_num=158 recovered=875 / 1024
#trace_num=159 recovered=876 / 1024
#trace_num=160 recovered=885 / 1024
#trace_num=161 recovered=887 / 1024
#trace_num=162 recovered=889 / 1024
#trace_num=163 recovered=888 / 1024
#trace_num=164 recovered=893 / 1024
#trace_num=165 recovered=894 / 1024
#trace_num=166 recovered=897 / 1024
#trace_num=167 recovered=902 / 1024
#trace_num=168 recovered=902 / 1024
#trace_num=169 recovered=910 / 1024
#trace_num=170 recovered=913 / 1024
#trace_num=171 recovered=920 / 1024
#trace_num=172 recovered=919 / 1024
#trace_num=173 recovered=923 / 1024
#trace_num=174 recovered=924 / 1024
#trace_num=175 recovered=925 / 1024
#trace_num=176 recovered=930 / 1024
#trace_num=177 recovered=924 / 1024
#trace_num=178 recovered=923 / 1024
#trace_num=179 recovered=923 / 1024
#trace_num=180 recovered=933 / 1024
#trace_num=181 recovered=936 / 1024
#trace_num=182 recovered=935 / 1024
#trace_num=183 recovered=942 / 1024
#trace_num=184 recovered=947 / 1024
#trace_num=185 recovered=945 / 1024
#trace_num=186 recovered=950 / 1024
#trace_num=187 recovered=951 / 1024
#trace_num=188 recovered=956 / 1024
#trace_num=189 recovered=954 / 1024
#trace_num=190 recovered=954 / 1024
#trace_num=191 recovered=956 / 1024
#trace_num=192 recovered=956 / 1024
#trace_num=193 recovered=960 / 1024
#trace_num=194 recovered=960 / 1024
#trace_num=195 recovered=959 / 1024
#trace_num=196 recovered=958 / 1024
#trace_num=197 recovered=962 / 1024
#trace_num=198 recovered=961 / 1024
#trace_num=199 recovered=962 / 1024
#trace_num=200 recovered=964 / 1024
#trace_num=201 recovered=964 / 1024
#trace_num=202 recovered=968 / 1024
#trace_num=203 recovered=970 / 1024
#trace_num=204 recovered=972 / 1024
#trace_num=205 recovered=974 / 1024
#trace_num=206 recovered=973 / 1024
#trace_num=207 recovered=975 / 1024
#trace_num=208 recovered=976 / 1024
#trace_num=209 recovered=977 / 1024
#trace_num=210 recovered=979 / 1024
#trace_num=211 recovered=979 / 1024
#trace_num=212 recovered=979 / 1024
#trace_num=213 recovered=981 / 1024
#trace_num=214 recovered=982 / 1024
#trace_num=215 recovered=983 / 1024
#trace_num=216 recovered=982 / 1024
#trace_num=217 recovered=982 / 1024
#trace_num=218 recovered=986 / 1024
#trace_num=219 recovered=985 / 1024
#trace_num=220 recovered=985 / 1024
#trace_num=221 recovered=986 / 1024
#trace_num=222 recovered=985 / 1024
#trace_num=223 recovered=987 / 1024
#trace_num=224 recovered=988 / 1024
#trace_num=225 recovered=991 / 1024
#trace_num=226 recovered=991 / 1024
#trace_num=227 recovered=992 / 1024
#trace_num=228 recovered=993 / 1024
#trace_num=229 recovered=991 / 1024
#trace_num=230 recovered=993 / 1024
#trace_num=231 recovered=994 / 1024
#trace_num=232 recovered=996 / 1024
#trace_num=233 recovered=996 / 1024
#trace_num=234 recovered=998 / 1024
#trace_num=235 recovered=998 / 1024
#trace_num=236 recovered=998 / 1024
#trace_num=237 recovered=999 / 1024
#trace_num=238 recovered=998 / 1024
#trace_num=239 recovered=998 / 1024
#trace_num=240 recovered=1002 / 1024
#trace_num=241 recovered=1004 / 1024
#trace_num=242 recovered=1004 / 1024
#trace_num=243 recovered=1005 / 1024
#trace_num=244 recovered=1006 / 1024
#trace_num=245 recovered=1006 / 1024
#trace_num=246 recovered=1006 / 1024
#trace_num=247 recovered=1005 / 1024
#trace_num=248 recovered=1006 / 1024
#trace_num=249 recovered=1006 / 1024
#trace_num=250 recovered=1006 / 1024
#trace_num=251 recovered=1004 / 1024
#trace_num=252 recovered=1008 / 1024
#trace_num=253 recovered=1008 / 1024
#trace_num=254 recovered=1008 / 1024
#trace_num=255 recovered=1006 / 1024
#trace_num=256 recovered=1005 / 1024
#trace_num=257 recovered=1008 / 1024
#trace_num=258 recovered=1009 / 1024
#trace_num=259 recovered=1011 / 1024
#trace_num=260 recovered=1011 / 1024
#trace_num=261 recovered=1011 / 1024
#trace_num=262 recovered=1013 / 1024
#trace_num=263 recovered=1013 / 1024
#trace_num=264 recovered=1017 / 1024
#trace_num=265 recovered=1017 / 1024
#trace_num=266 recovered=1016 / 1024
#trace_num=267 recovered=1017 / 1024
#trace_num=268 recovered=1016 / 1024
#trace_num=269 recovered=1018 / 1024
#trace_num=270 recovered=1018 / 1024
#trace_num=271 recovered=1018 / 1024
#trace_num=272 recovered=1018 / 1024
#trace_num=273 recovered=1017 / 1024
#trace_num=274 recovered=1016 / 1024
#trace_num=275 recovered=1016 / 1024
#trace_num=276 recovered=1018 / 1024
#trace_num=277 recovered=1018 / 1024
#trace_num=278 recovered=1018 / 1024
#trace_num=279 recovered=1017 / 1024
#trace_num=280 recovered=1016 / 1024
#trace_num=281 recovered=1019 / 1024
#trace_num=282 recovered=1019 / 1024
#trace_num=283 recovered=1019 / 1024
#trace_num=284 recovered=1018 / 1024
#trace_num=285 recovered=1018 / 1024
#trace_num=286 recovered=1017 / 1024
#trace_num=287 recovered=1017 / 1024
#trace_num=288 recovered=1018 / 1024
#trace_num=289 recovered=1019 / 1024
#trace_num=290 recovered=1019 / 1024
#trace_num=291 recovered=1019 / 1024
#trace_num=292 recovered=1019 / 1024
#trace_num=293 recovered=1019 / 1024
#trace_num=294 recovered=1019 / 1024
#trace_num=295 recovered=1019 / 1024
#trace_num=296 recovered=1019 / 1024
#trace_num=297 recovered=1019 / 1024
#trace_num=298 recovered=1019 / 1024
#trace_num=299 recovered=1019 / 1024
#trace_num=300 recovered=1019 / 1024
#trace_num=301 recovered=1019 / 1024
#trace_num=302 recovered=1019 / 1024
#trace_num=303 recovered=1019 / 1024
#trace_num=304 recovered=1019 / 1024
#trace_num=305 recovered=1019 / 1024
#trace_num=306 recovered=1018 / 1024
#trace_num=307 recovered=1018 / 1024
#trace_num=308 recovered=1020 / 1024
#trace_num=309 recovered=1019 / 1024
#trace_num=310 recovered=1020 / 1024
#trace_num=311 recovered=1020 / 1024
#trace_num=312 recovered=1019 / 1024
#trace_num=313 recovered=1019 / 1024
#trace_num=314 recovered=1019 / 1024
#trace_num=315 recovered=1021 / 1024
#trace_num=316 recovered=1021 / 1024
#trace_num=317 recovered=1021 / 1024
#trace_num=318 recovered=1021 / 1024
#trace_num=319 recovered=1021 / 1024
#trace_num=320 recovered=1021 / 1024
#trace_num=321 recovered=1020 / 1024
#trace_num=322 recovered=1020 / 1024
#trace_num=323 recovered=1018 / 1024
#trace_num=324 recovered=1018 / 1024
#trace_num=325 recovered=1018 / 1024
#trace_num=326 recovered=1019 / 1024
#trace_num=327 recovered=1019 / 1024
#trace_num=328 recovered=1019 / 1024
#trace_num=329 recovered=1019 / 1024
#trace_num=330 recovered=1020 / 1024
#trace_num=331 recovered=1020 / 1024
#trace_num=332 recovered=1020 / 1024
#trace_num=333 recovered=1019 / 1024
#trace_num=334 recovered=1019 / 1024
#trace_num=335 recovered=1019 / 1024
#trace_num=336 recovered=1019 / 1024
#trace_num=337 recovered=1019 / 1024
#trace_num=338 recovered=1020 / 1024
#trace_num=339 recovered=1020 / 1024
#trace_num=340 recovered=1021 / 1024
#trace_num=341 recovered=1021 / 1024
#trace_num=342 recovered=1022 / 1024
#trace_num=343 recovered=1022 / 1024
#trace_num=344 recovered=1021 / 1024
#trace_num=345 recovered=1021 / 1024
#trace_num=346 recovered=1022 / 1024
#trace_num=347 recovered=1022 / 1024
#trace_num=348 recovered=1022 / 1024
#trace_num=349 recovered=1022 / 1024
#trace_num=350 recovered=1021 / 1024
#trace_num=351 recovered=1021 / 1024
#trace_num=352 recovered=1021 / 1024
#trace_num=353 recovered=1021 / 1024
#trace_num=354 recovered=1022 / 1024
#trace_num=355 recovered=1022 / 1024
#trace_num=356 recovered=1022 / 1024
#trace_num=357 recovered=1022 / 1024
#trace_num=358 recovered=1022 / 1024
#trace_num=359 recovered=1021 / 1024
#trace_num=360 recovered=1021 / 1024
#trace_num=361 recovered=1021 / 1024
#trace_num=362 recovered=1022 / 1024
#trace_num=363 recovered=1022 / 1024
#trace_num=364 recovered=1021 / 1024
#trace_num=365 recovered=1022 / 1024
#trace_num=366 recovered=1022 / 1024
#trace_num=367 recovered=1022 / 1024
#trace_num=368 recovered=1022 / 1024
#trace_num=369 recovered=1022 / 1024
#trace_num=370 recovered=1022 / 1024
#trace_num=371 recovered=1022 / 1024
#trace_num=372 recovered=1022 / 1024
#trace_num=373 recovered=1022 / 1024
#trace_num=374 recovered=1022 / 1024
#trace_num=375 recovered=1022 / 1024
#trace_num=376 recovered=1022 / 1024
#trace_num=377 recovered=1024 / 1024

=== Timing Info ===
Start: 2025年 12月 16日 星期二 10:08:39 CST
End  : 2025年 12月 16日 星期二 11:02:53 CST
Elapsed: 3254 seconds
