#trace_num=1 recovered=0 / 1024
#trace_num=2 recovered=0 / 1024
#trace_num=3 recovered=0 / 1024
#trace_num=4 recovered=0 / 1024
#trace_num=5 recovered=0 / 1024
#trace_num=6 recovered=0 / 1024
#trace_num=7 recovered=0 / 1024
#trace_num=8 recovered=0 / 1024
#trace_num=9 recovered=0 / 1024
#trace_num=10 recovered=0 / 1024
#trace_num=11 recovered=0 / 1024
#trace_num=12 recovered=0 / 1024
#trace_num=13 recovered=0 / 1024
#trace_num=14 recovered=0 / 1024
#trace_num=15 recovered=0 / 1024
#trace_num=16 recovered=1 / 1024
#trace_num=17 recovered=2 / 1024
#trace_num=18 recovered=1 / 1024
#trace_num=19 recovered=2 / 1024
#trace_num=20 recovered=2 / 1024
#trace_num=21 recovered=3 / 1024
#trace_num=22 recovered=4 / 1024
#trace_num=23 recovered=4 / 1024
#trace_num=24 recovered=7 / 1024
#trace_num=25 recovered=9 / 1024
#trace_num=26 recovered=9 / 1024
#trace_num=27 recovered=11 / 1024
#trace_num=28 recovered=11 / 1024
#trace_num=29 recovered=14 / 1024
#trace_num=30 recovered=14 / 1024
#trace_num=31 recovered=24 / 1024
#trace_num=32 recovered=21 / 1024
#trace_num=33 recovered=23 / 1024
#trace_num=34 recovered=28 / 1024
#trace_num=35 recovered=27 / 1024
#trace_num=36 recovered=36 / 1024
#trace_num=37 recovered=38 / 1024
#trace_num=38 recovered=37 / 1024
#trace_num=39 recovered=45 / 1024
#trace_num=40 recovered=48 / 1024
#trace_num=41 recovered=59 / 1024
#trace_num=42 recovered=59 / 1024
#trace_num=43 recovered=75 / 1024
#trace_num=44 recovered=82 / 1024
#trace_num=45 recovered=84 / 1024
#trace_num=46 recovered=96 / 1024
#trace_num=47 recovered=108 / 1024
#trace_num=48 recovered=114 / 1024
#trace_num=49 recovered=123 / 1024
#trace_num=50 recovered=131 / 1024
#trace_num=51 recovered=135 / 1024
#trace_num=52 recovered=133 / 1024
#trace_num=53 recovered=142 / 1024
#trace_num=54 recovered=155 / 1024
#trace_num=55 recovered=165 / 1024
#trace_num=56 recovered=164 / 1024
#trace_num=57 recovered=171 / 1024
#trace_num=58 recovered=182 / 1024
#trace_num=59 recovered=189 / 1024
#trace_num=60 recovered=198 / 1024
#trace_num=61 recovered=205 / 1024
#trace_num=62 recovered=213 / 1024
#trace_num=63 recovered=227 / 1024
#trace_num=64 recovered=226 / 1024
#trace_num=65 recovered=235 / 1024
#trace_num=66 recovered=240 / 1024
#trace_num=67 recovered=250 / 1024
#trace_num=68 recovered=266 / 1024
#trace_num=69 recovered=272 / 1024
#trace_num=70 recovered=282 / 1024
#trace_num=71 recovered=296 / 1024
#trace_num=72 recovered=308 / 1024
#trace_num=73 recovered=309 / 1024
#trace_num=74 recovered=326 / 1024
#trace_num=75 recovered=338 / 1024
#trace_num=76 recovered=351 / 1024
#trace_num=77 recovered=351 / 1024
#trace_num=78 recovered=370 / 1024
#trace_num=79 recovered=373 / 1024
#trace_num=80 recovered=390 / 1024
#trace_num=81 recovered=395 / 1024
#trace_num=82 recovered=400 / 1024
#trace_num=83 recovered=406 / 1024
#trace_num=84 recovered=426 / 1024
#trace_num=85 recovered=429 / 1024
#trace_num=86 recovered=439 / 1024
#trace_num=87 recovered=459 / 1024
#trace_num=88 recovered=470 / 1024
#trace_num=89 recovered=472 / 1024
#trace_num=90 recovered=472 / 1024
#trace_num=91 recovered=482 / 1024
#trace_num=92 recovered=489 / 1024
#trace_num=93 recovered=502 / 1024
#trace_num=94 recovered=514 / 1024
#trace_num=95 recovered=516 / 1024
#trace_num=96 recovered=527 / 1024
#trace_num=97 recovered=539 / 1024
#trace_num=98 recovered=553 / 1024
#trace_num=99 recovered=561 / 1024
#trace_num=100 recovered=571 / 1024
#trace_num=101 recovered=580 / 1024
#trace_num=102 recovered=580 / 1024
#trace_num=103 recovered=599 / 1024
#trace_num=104 recovered=610 / 1024
#trace_num=105 recovered=624 / 1024
#trace_num=106 recovered=614 / 1024
#trace_num=107 recovered=619 / 1024
#trace_num=108 recovered=622 / 1024
#trace_num=109 recovered=627 / 1024
#trace_num=110 recovered=638 / 1024
#trace_num=111 recovered=646 / 1024
#trace_num=112 recovered=658 / 1024
#trace_num=113 recovered=661 / 1024
#trace_num=114 recovered=671 / 1024
#trace_num=115 recovered=681 / 1024
#trace_num=116 recovered=684 / 1024
#trace_num=117 recovered=695 / 1024
#trace_num=118 recovered=701 / 1024
#trace_num=119 recovered=703 / 1024
#trace_num=120 recovered=721 / 1024
#trace_num=121 recovered=720 / 1024
#trace_num=122 recovered=721 / 1024
#trace_num=123 recovered=727 / 1024
#trace_num=124 recovered=730 / 1024
#trace_num=125 recovered=737 / 1024
#trace_num=126 recovered=743 / 1024
#trace_num=127 recovered=757 / 1024
#trace_num=128 recovered=762 / 1024
#trace_num=129 recovered=768 / 1024
#trace_num=130 recovered=774 / 1024
#trace_num=131 recovered=777 / 1024
#trace_num=132 recovered=781 / 1024
#trace_num=133 recovered=789 / 1024
#trace_num=134 recovered=797 / 1024
#trace_num=135 recovered=804 / 1024
#trace_num=136 recovered=801 / 1024
#trace_num=137 recovered=806 / 1024
#trace_num=138 recovered=806 / 1024
#trace_num=139 recovered=813 / 1024
#trace_num=140 recovered=816 / 1024
#trace_num=141 recovered=829 / 1024
#trace_num=142 recovered=829 / 1024
#trace_num=143 recovered=830 / 1024
#trace_num=144 recovered=828 / 1024
#trace_num=145 recovered=832 / 1024
#trace_num=146 recovered=839 / 1024
#trace_num=147 recovered=842 / 1024
#trace_num=148 recovered=846 / 1024
#trace_num=149 recovered=855 / 1024
#trace_num=150 recovered=856 / 1024
#trace_num=151 recovered=862 / 1024
#trace_num=152 recovered=864 / 1024
#trace_num=153 recovered=872 / 1024
#trace_num=154 recovered=874 / 1024
#trace_num=155 recovered=873 / 1024
#trace_num=156 recovered=879 / 1024
#trace_num=157 recovered=880 / 1024
#trace_num=158 recovered=885 / 1024
#trace_num=159 recovered=887 / 1024
#trace_num=160 recovered=891 / 1024
#trace_num=161 recovered=893 / 1024
#trace_num=162 recovered=890 / 1024
#trace_num=163 recovered=892 / 1024
#trace_num=164 recovered=898 / 1024
#trace_num=165 recovered=897 / 1024
#trace_num=166 recovered=906 / 1024
#trace_num=167 recovered=903 / 1024
#trace_num=168 recovered=901 / 1024
#trace_num=169 recovered=907 / 1024
#trace_num=170 recovered=907 / 1024
#trace_num=171 recovered=910 / 1024
#trace_num=172 recovered=908 / 1024
#trace_num=173 recovered=915 / 1024
#trace_num=174 recovered=916 / 1024
#trace_num=175 recovered=913 / 1024
#trace_num=176 recovered=915 / 1024
#trace_num=177 recovered=922 / 1024
#trace_num=178 recovered=923 / 1024
#trace_num=179 recovered=925 / 1024
#trace_num=180 recovered=932 / 1024
#trace_num=181 recovered=934 / 1024
#trace_num=182 recovered=936 / 1024
#trace_num=183 recovered=937 / 1024
#trace_num=184 recovered=941 / 1024
#trace_num=185 recovered=939 / 1024
#trace_num=186 recovered=943 / 1024
#trace_num=187 recovered=945 / 1024
#trace_num=188 recovered=949 / 1024
#trace_num=189 recovered=953 / 1024
#trace_num=190 recovered=952 / 1024
#trace_num=191 recovered=957 / 1024
#trace_num=192 recovered=955 / 1024
#trace_num=193 recovered=959 / 1024
#trace_num=194 recovered=958 / 1024
#trace_num=195 recovered=959 / 1024
#trace_num=196 recovered=959 / 1024
#trace_num=197 recovered=957 / 1024
#trace_num=198 recovered=964 / 1024
#trace_num=199 recovered=967 / 1024
#trace_num=200 recovered=968 / 1024
#trace_num=201 recovered=966 / 1024
#trace_num=202 recovered=966 / 1024
#trace_num=203 recovered=969 / 1024
#trace_num=204 recovered=966 / 1024
#trace_num=205 recovered=966 / 1024
#trace_num=206 recovered=968 / 1024
#trace_num=207 recovered=966 / 1024
#trace_num=208 recovered=967 / 1024
#trace_num=209 recovered=969 / 1024
#trace_num=210 recovered=972 / 1024
#trace_num=211 recovered=973 / 1024
#trace_num=212 recovered=973 / 1024
#trace_num=213 recovered=974 / 1024
#trace_num=214 recovered=976 / 1024
#trace_num=215 recovered=975 / 1024
#trace_num=216 recovered=973 / 1024
#trace_num=217 recovered=974 / 1024
#trace_num=218 recovered=977 / 1024
#trace_num=219 recovered=979 / 1024
#trace_num=220 recovered=978 / 1024
#trace_num=221 recovered=978 / 1024
#trace_num=222 recovered=984 / 1024
#trace_num=223 recovered=983 / 1024
#trace_num=224 recovered=984 / 1024
#trace_num=225 recovered=986 / 1024
#trace_num=226 recovered=986 / 1024
#trace_num=227 recovered=987 / 1024
#trace_num=228 recovered=988 / 1024
#trace_num=229 recovered=990 / 1024
#trace_num=230 recovered=992 / 1024
#trace_num=231 recovered=990 / 1024
#trace_num=232 recovered=989 / 1024
#trace_num=233 recovered=991 / 1024
#trace_num=234 recovered=991 / 1024
#trace_num=235 recovered=996 / 1024
#trace_num=236 recovered=997 / 1024
#trace_num=237 recovered=997 / 1024
#trace_num=238 recovered=999 / 1024
#trace_num=239 recovered=998 / 1024
#trace_num=240 recovered=999 / 1024
#trace_num=241 recovered=1003 / 1024
#trace_num=242 recovered=1003 / 1024
#trace_num=243 recovered=1005 / 1024
#trace_num=244 recovered=1005 / 1024
#trace_num=245 recovered=1007 / 1024
#trace_num=246 recovered=1007 / 1024
#trace_num=247 recovered=1009 / 1024
#trace_num=248 recovered=1006 / 1024
#trace_num=249 recovered=1009 / 1024
#trace_num=250 recovered=1010 / 1024
#trace_num=251 recovered=1010 / 1024
#trace_num=252 recovered=1009 / 1024
#trace_num=253 recovered=1008 / 1024
#trace_num=254 recovered=1007 / 1024
#trace_num=255 recovered=1008 / 1024
#trace_num=256 recovered=1008 / 1024
#trace_num=257 recovered=1009 / 1024
#trace_num=258 recovered=1007 / 1024
#trace_num=259 recovered=1008 / 1024
#trace_num=260 recovered=1007 / 1024
#trace_num=261 recovered=1006 / 1024
#trace_num=262 recovered=1007 / 1024
#trace_num=263 recovered=1008 / 1024
#trace_num=264 recovered=1009 / 1024
#trace_num=265 recovered=1011 / 1024
#trace_num=266 recovered=1011 / 1024
#trace_num=267 recovered=1012 / 1024
#trace_num=268 recovered=1012 / 1024
#trace_num=269 recovered=1012 / 1024
#trace_num=270 recovered=1012 / 1024
#trace_num=271 recovered=1013 / 1024
#trace_num=272 recovered=1015 / 1024
#trace_num=273 recovered=1013 / 1024
#trace_num=274 recovered=1013 / 1024
#trace_num=275 recovered=1014 / 1024
#trace_num=276 recovered=1013 / 1024
#trace_num=277 recovered=1013 / 1024
#trace_num=278 recovered=1014 / 1024
#trace_num=279 recovered=1017 / 1024
#trace_num=280 recovered=1016 / 1024
#trace_num=281 recovered=1015 / 1024
#trace_num=282 recovered=1016 / 1024
#trace_num=283 recovered=1016 / 1024
#trace_num=284 recovered=1017 / 1024
#trace_num=285 recovered=1018 / 1024
#trace_num=286 recovered=1019 / 1024
#trace_num=287 recovered=1018 / 1024
#trace_num=288 recovered=1018 / 1024
#trace_num=289 recovered=1020 / 1024
#trace_num=290 recovered=1019 / 1024
#trace_num=291 recovered=1020 / 1024
#trace_num=292 recovered=1019 / 1024
#trace_num=293 recovered=1019 / 1024
#trace_num=294 recovered=1020 / 1024
#trace_num=295 recovered=1020 / 1024
#trace_num=296 recovered=1020 / 1024
#trace_num=297 recovered=1019 / 1024
#trace_num=298 recovered=1020 / 1024
#trace_num=299 recovered=1020 / 1024
#trace_num=300 recovered=1020 / 1024
#trace_num=301 recovered=1020 / 1024
#trace_num=302 recovered=1021 / 1024
#trace_num=303 recovered=1021 / 1024
#trace_num=304 recovered=1021 / 1024
#trace_num=305 recovered=1022 / 1024
#trace_num=306 recovered=1022 / 1024
#trace_num=307 recovered=1021 / 1024
#trace_num=308 recovered=1021 / 1024
#trace_num=309 recovered=1023 / 1024
#trace_num=310 recovered=1023 / 1024
#trace_num=311 recovered=1022 / 1024
#trace_num=312 recovered=1021 / 1024
#trace_num=313 recovered=1021 / 1024
#trace_num=314 recovered=1023 / 1024
#trace_num=315 recovered=1023 / 1024
#trace_num=316 recovered=1023 / 1024
#trace_num=317 recovered=1023 / 1024
#trace_num=318 recovered=1023 / 1024
#trace_num=319 recovered=1023 / 1024
#trace_num=320 recovered=1022 / 1024
#trace_num=321 recovered=1023 / 1024
#trace_num=322 recovered=1023 / 1024
#trace_num=323 recovered=1023 / 1024
#trace_num=324 recovered=1023 / 1024
#trace_num=325 recovered=1023 / 1024
#trace_num=326 recovered=1023 / 1024
#trace_num=327 recovered=1022 / 1024
#trace_num=328 recovered=1022 / 1024
#trace_num=329 recovered=1023 / 1024
#trace_num=330 recovered=1023 / 1024
#trace_num=331 recovered=1023 / 1024
#trace_num=332 recovered=1023 / 1024
#trace_num=333 recovered=1023 / 1024
#trace_num=334 recovered=1023 / 1024
#trace_num=335 recovered=1023 / 1024
#trace_num=336 recovered=1023 / 1024
#trace_num=337 recovered=1023 / 1024
#trace_num=338 recovered=1023 / 1024
#trace_num=339 recovered=1023 / 1024
#trace_num=340 recovered=1023 / 1024
#trace_num=341 recovered=1023 / 1024
#trace_num=342 recovered=1023 / 1024
#trace_num=343 recovered=1024 / 1024

=== Timing Info ===
Start: 2025年 12月 16日 星期二 13:47:24 CST
End  : 2025年 12月 16日 星期二 14:33:00 CST
Elapsed: 2736 seconds
