#trace_num=1 recovered=0 / 1024
#trace_num=2 recovered=0 / 1024
#trace_num=3 recovered=0 / 1024
#trace_num=4 recovered=0 / 1024
#trace_num=5 recovered=0 / 1024
#trace_num=6 recovered=0 / 1024
#trace_num=7 recovered=0 / 1024
#trace_num=8 recovered=0 / 1024
#trace_num=9 recovered=0 / 1024
#trace_num=10 recovered=0 / 1024
#trace_num=11 recovered=0 / 1024
#trace_num=12 recovered=1 / 1024
#trace_num=13 recovered=2 / 1024
#trace_num=14 recovered=2 / 1024
#trace_num=15 recovered=2 / 1024
#trace_num=16 recovered=3 / 1024
#trace_num=17 recovered=2 / 1024
#trace_num=18 recovered=4 / 1024
#trace_num=19 recovered=5 / 1024
#trace_num=20 recovered=4 / 1024
#trace_num=21 recovered=6 / 1024
#trace_num=22 recovered=10 / 1024
#trace_num=23 recovered=9 / 1024
#trace_num=24 recovered=13 / 1024
#trace_num=25 recovered=14 / 1024
#trace_num=26 recovered=12 / 1024
#trace_num=27 recovered=17 / 1024
#trace_num=28 recovered=20 / 1024
#trace_num=29 recovered=24 / 1024
#trace_num=30 recovered=27 / 1024
#trace_num=31 recovered=29 / 1024
#trace_num=32 recovered=32 / 1024
#trace_num=33 recovered=40 / 1024
#trace_num=34 recovered=41 / 1024
#trace_num=35 recovered=49 / 1024
#trace_num=36 recovered=45 / 1024
#trace_num=37 recovered=50 / 1024
#trace_num=38 recovered=54 / 1024
#trace_num=39 recovered=56 / 1024
#trace_num=40 recovered=65 / 1024
#trace_num=41 recovered=66 / 1024
#trace_num=42 recovered=76 / 1024
#trace_num=43 recovered=78 / 1024
#trace_num=44 recovered=85 / 1024
#trace_num=45 recovered=91 / 1024
#trace_num=46 recovered=89 / 1024
#trace_num=47 recovered=98 / 1024
#trace_num=48 recovered=109 / 1024
#trace_num=49 recovered=123 / 1024
#trace_num=50 recovered=127 / 1024
#trace_num=51 recovered=131 / 1024
#trace_num=52 recovered=145 / 1024
#trace_num=53 recovered=150 / 1024
#trace_num=54 recovered=169 / 1024
#trace_num=55 recovered=181 / 1024
#trace_num=56 recovered=190 / 1024
#trace_num=57 recovered=196 / 1024
#trace_num=58 recovered=199 / 1024
#trace_num=59 recovered=213 / 1024
#trace_num=60 recovered=215 / 1024
#trace_num=61 recovered=230 / 1024
#trace_num=62 recovered=239 / 1024
#trace_num=63 recovered=246 / 1024
#trace_num=64 recovered=262 / 1024
#trace_num=65 recovered=271 / 1024
#trace_num=66 recovered=278 / 1024
#trace_num=67 recovered=286 / 1024
#trace_num=68 recovered=295 / 1024
#trace_num=69 recovered=304 / 1024
#trace_num=70 recovered=310 / 1024
#trace_num=71 recovered=311 / 1024
#trace_num=72 recovered=320 / 1024
#trace_num=73 recovered=338 / 1024
#trace_num=74 recovered=351 / 1024
#trace_num=75 recovered=352 / 1024
#trace_num=76 recovered=360 / 1024
#trace_num=77 recovered=363 / 1024
#trace_num=78 recovered=369 / 1024
#trace_num=79 recovered=387 / 1024
#trace_num=80 recovered=401 / 1024
#trace_num=81 recovered=407 / 1024
#trace_num=82 recovered=415 / 1024
#trace_num=83 recovered=423 / 1024
#trace_num=84 recovered=436 / 1024
#trace_num=85 recovered=440 / 1024
#trace_num=86 recovered=450 / 1024
#trace_num=87 recovered=458 / 1024
#trace_num=88 recovered=476 / 1024
#trace_num=89 recovered=481 / 1024
#trace_num=90 recovered=481 / 1024
#trace_num=91 recovered=482 / 1024
#trace_num=92 recovered=491 / 1024
#trace_num=93 recovered=503 / 1024
#trace_num=94 recovered=512 / 1024
#trace_num=95 recovered=519 / 1024
#trace_num=96 recovered=526 / 1024
#trace_num=97 recovered=531 / 1024
#trace_num=98 recovered=557 / 1024
#trace_num=99 recovered=563 / 1024
#trace_num=100 recovered=568 / 1024
#trace_num=101 recovered=573 / 1024
#trace_num=102 recovered=589 / 1024
#trace_num=103 recovered=599 / 1024
#trace_num=104 recovered=604 / 1024
#trace_num=105 recovered=616 / 1024
#trace_num=106 recovered=626 / 1024
#trace_num=107 recovered=631 / 1024
#trace_num=108 recovered=630 / 1024
#trace_num=109 recovered=636 / 1024
#trace_num=110 recovered=648 / 1024
#trace_num=111 recovered=648 / 1024
#trace_num=112 recovered=656 / 1024
#trace_num=113 recovered=662 / 1024
#trace_num=114 recovered=674 / 1024
#trace_num=115 recovered=674 / 1024
#trace_num=116 recovered=682 / 1024
#trace_num=117 recovered=695 / 1024
#trace_num=118 recovered=703 / 1024
#trace_num=119 recovered=702 / 1024
#trace_num=120 recovered=713 / 1024
#trace_num=121 recovered=726 / 1024
#trace_num=122 recovered=733 / 1024
#trace_num=123 recovered=739 / 1024
#trace_num=124 recovered=745 / 1024
#trace_num=125 recovered=750 / 1024
#trace_num=126 recovered=753 / 1024
#trace_num=127 recovered=756 / 1024
#trace_num=128 recovered=766 / 1024
#trace_num=129 recovered=773 / 1024
#trace_num=130 recovered=782 / 1024
#trace_num=131 recovered=785 / 1024
#trace_num=132 recovered=786 / 1024
#trace_num=133 recovered=796 / 1024
#trace_num=134 recovered=798 / 1024
#trace_num=135 recovered=803 / 1024
#trace_num=136 recovered=814 / 1024
#trace_num=137 recovered=823 / 1024
#trace_num=138 recovered=824 / 1024
#trace_num=139 recovered=825 / 1024
#trace_num=140 recovered=828 / 1024
#trace_num=141 recovered=828 / 1024
#trace_num=142 recovered=833 / 1024
#trace_num=143 recovered=835 / 1024
#trace_num=144 recovered=836 / 1024
#trace_num=145 recovered=839 / 1024
#trace_num=146 recovered=842 / 1024
#trace_num=147 recovered=844 / 1024
#trace_num=148 recovered=847 / 1024
#trace_num=149 recovered=855 / 1024
#trace_num=150 recovered=866 / 1024
#trace_num=151 recovered=867 / 1024
#trace_num=152 recovered=873 / 1024
#trace_num=153 recovered=872 / 1024
#trace_num=154 recovered=877 / 1024
#trace_num=155 recovered=879 / 1024
#trace_num=156 recovered=881 / 1024
#trace_num=157 recovered=889 / 1024
#trace_num=158 recovered=886 / 1024
#trace_num=159 recovered=892 / 1024
#trace_num=160 recovered=893 / 1024
#trace_num=161 recovered=894 / 1024
#trace_num=162 recovered=893 / 1024
#trace_num=163 recovered=896 / 1024
#trace_num=164 recovered=899 / 1024
#trace_num=165 recovered=902 / 1024
#trace_num=166 recovered=908 / 1024
#trace_num=167 recovered=908 / 1024
#trace_num=168 recovered=916 / 1024
#trace_num=169 recovered=913 / 1024
#trace_num=170 recovered=921 / 1024
#trace_num=171 recovered=923 / 1024
#trace_num=172 recovered=921 / 1024
#trace_num=173 recovered=918 / 1024
#trace_num=174 recovered=919 / 1024
#trace_num=175 recovered=924 / 1024
#trace_num=176 recovered=927 / 1024
#trace_num=177 recovered=927 / 1024
#trace_num=178 recovered=929 / 1024
#trace_num=179 recovered=940 / 1024
#trace_num=180 recovered=939 / 1024
#trace_num=181 recovered=937 / 1024
#trace_num=182 recovered=942 / 1024
#trace_num=183 recovered=940 / 1024
#trace_num=184 recovered=938 / 1024
#trace_num=185 recovered=947 / 1024
#trace_num=186 recovered=949 / 1024
#trace_num=187 recovered=949 / 1024
#trace_num=188 recovered=952 / 1024
#trace_num=189 recovered=951 / 1024
#trace_num=190 recovered=954 / 1024
#trace_num=191 recovered=954 / 1024
#trace_num=192 recovered=952 / 1024
#trace_num=193 recovered=960 / 1024
#trace_num=194 recovered=962 / 1024
#trace_num=195 recovered=963 / 1024
#trace_num=196 recovered=961 / 1024
#trace_num=197 recovered=962 / 1024
#trace_num=198 recovered=963 / 1024
#trace_num=199 recovered=964 / 1024
#trace_num=200 recovered=966 / 1024
#trace_num=201 recovered=964 / 1024
#trace_num=202 recovered=966 / 1024
#trace_num=203 recovered=963 / 1024
#trace_num=204 recovered=967 / 1024
#trace_num=205 recovered=967 / 1024
#trace_num=206 recovered=969 / 1024
#trace_num=207 recovered=973 / 1024
#trace_num=208 recovered=977 / 1024
#trace_num=209 recovered=974 / 1024
#trace_num=210 recovered=975 / 1024
#trace_num=211 recovered=976 / 1024
#trace_num=212 recovered=977 / 1024
#trace_num=213 recovered=977 / 1024
#trace_num=214 recovered=980 / 1024
#trace_num=215 recovered=982 / 1024
#trace_num=216 recovered=983 / 1024
#trace_num=217 recovered=985 / 1024
#trace_num=218 recovered=986 / 1024
#trace_num=219 recovered=989 / 1024
#trace_num=220 recovered=986 / 1024
#trace_num=221 recovered=987 / 1024
#trace_num=222 recovered=988 / 1024
#trace_num=223 recovered=989 / 1024
#trace_num=224 recovered=990 / 1024
#trace_num=225 recovered=992 / 1024
#trace_num=226 recovered=994 / 1024
#trace_num=227 recovered=997 / 1024
#trace_num=228 recovered=998 / 1024
#trace_num=229 recovered=996 / 1024
#trace_num=230 recovered=997 / 1024
#trace_num=231 recovered=998 / 1024
#trace_num=232 recovered=996 / 1024
#trace_num=233 recovered=998 / 1024
#trace_num=234 recovered=998 / 1024
#trace_num=235 recovered=999 / 1024
#trace_num=236 recovered=1000 / 1024
#trace_num=237 recovered=997 / 1024
#trace_num=238 recovered=1000 / 1024
#trace_num=239 recovered=998 / 1024
#trace_num=240 recovered=999 / 1024
#trace_num=241 recovered=999 / 1024
#trace_num=242 recovered=999 / 1024
#trace_num=243 recovered=998 / 1024
#trace_num=244 recovered=1000 / 1024
#trace_num=245 recovered=1000 / 1024
#trace_num=246 recovered=1004 / 1024
#trace_num=247 recovered=1003 / 1024
#trace_num=248 recovered=1004 / 1024
#trace_num=249 recovered=1005 / 1024
#trace_num=250 recovered=1007 / 1024
#trace_num=251 recovered=1008 / 1024
#trace_num=252 recovered=1009 / 1024
#trace_num=253 recovered=1008 / 1024
#trace_num=254 recovered=1009 / 1024
#trace_num=255 recovered=1009 / 1024
#trace_num=256 recovered=1008 / 1024
#trace_num=257 recovered=1012 / 1024
#trace_num=258 recovered=1013 / 1024
#trace_num=259 recovered=1012 / 1024
#trace_num=260 recovered=1013 / 1024
#trace_num=261 recovered=1012 / 1024
#trace_num=262 recovered=1012 / 1024
#trace_num=263 recovered=1012 / 1024
#trace_num=264 recovered=1015 / 1024
#trace_num=265 recovered=1014 / 1024
#trace_num=266 recovered=1014 / 1024
#trace_num=267 recovered=1014 / 1024
#trace_num=268 recovered=1014 / 1024
#trace_num=269 recovered=1013 / 1024
#trace_num=270 recovered=1015 / 1024
#trace_num=271 recovered=1017 / 1024
#trace_num=272 recovered=1017 / 1024
#trace_num=273 recovered=1018 / 1024
#trace_num=274 recovered=1018 / 1024
#trace_num=275 recovered=1017 / 1024
#trace_num=276 recovered=1018 / 1024
#trace_num=277 recovered=1017 / 1024
#trace_num=278 recovered=1018 / 1024
#trace_num=279 recovered=1018 / 1024
#trace_num=280 recovered=1019 / 1024
#trace_num=281 recovered=1020 / 1024
#trace_num=282 recovered=1020 / 1024
#trace_num=283 recovered=1020 / 1024
#trace_num=284 recovered=1020 / 1024
#trace_num=285 recovered=1020 / 1024
#trace_num=286 recovered=1021 / 1024
#trace_num=287 recovered=1020 / 1024
#trace_num=288 recovered=1021 / 1024
#trace_num=289 recovered=1021 / 1024
#trace_num=290 recovered=1021 / 1024
#trace_num=291 recovered=1021 / 1024
#trace_num=292 recovered=1022 / 1024
#trace_num=293 recovered=1021 / 1024
#trace_num=294 recovered=1022 / 1024
#trace_num=295 recovered=1022 / 1024
#trace_num=296 recovered=1022 / 1024
#trace_num=297 recovered=1022 / 1024
#trace_num=298 recovered=1022 / 1024
#trace_num=299 recovered=1022 / 1024
#trace_num=300 recovered=1022 / 1024
#trace_num=301 recovered=1022 / 1024
#trace_num=302 recovered=1023 / 1024
#trace_num=303 recovered=1023 / 1024
#trace_num=304 recovered=1023 / 1024
#trace_num=305 recovered=1023 / 1024
#trace_num=306 recovered=1023 / 1024
#trace_num=307 recovered=1022 / 1024
#trace_num=308 recovered=1022 / 1024
#trace_num=309 recovered=1022 / 1024
#trace_num=310 recovered=1022 / 1024
#trace_num=311 recovered=1022 / 1024
#trace_num=312 recovered=1022 / 1024
#trace_num=313 recovered=1022 / 1024
#trace_num=314 recovered=1022 / 1024
#trace_num=315 recovered=1023 / 1024
#trace_num=316 recovered=1023 / 1024
#trace_num=317 recovered=1022 / 1024
#trace_num=318 recovered=1022 / 1024
#trace_num=319 recovered=1022 / 1024
#trace_num=320 recovered=1023 / 1024
#trace_num=321 recovered=1023 / 1024
#trace_num=322 recovered=1023 / 1024
#trace_num=323 recovered=1023 / 1024
#trace_num=324 recovered=1023 / 1024
#trace_num=325 recovered=1023 / 1024
#trace_num=326 recovered=1023 / 1024
#trace_num=327 recovered=1023 / 1024
#trace_num=328 recovered=1023 / 1024
#trace_num=329 recovered=1023 / 1024
#trace_num=330 recovered=1023 / 1024
#trace_num=331 recovered=1023 / 1024
#trace_num=332 recovered=1023 / 1024
#trace_num=333 recovered=1023 / 1024
#trace_num=334 recovered=1023 / 1024
#trace_num=335 recovered=1023 / 1024
#trace_num=336 recovered=1023 / 1024
#trace_num=337 recovered=1023 / 1024
#trace_num=338 recovered=1023 / 1024
#trace_num=339 recovered=1023 / 1024
#trace_num=340 recovered=1023 / 1024
#trace_num=341 recovered=1023 / 1024
#trace_num=342 recovered=1023 / 1024
#trace_num=343 recovered=1023 / 1024
#trace_num=344 recovered=1023 / 1024
#trace_num=345 recovered=1023 / 1024
#trace_num=346 recovered=1023 / 1024
#trace_num=347 recovered=1023 / 1024
#trace_num=348 recovered=1023 / 1024
#trace_num=349 recovered=1023 / 1024
#trace_num=350 recovered=1023 / 1024
#trace_num=351 recovered=1023 / 1024
#trace_num=352 recovered=1023 / 1024
#trace_num=353 recovered=1023 / 1024
#trace_num=354 recovered=1023 / 1024
#trace_num=355 recovered=1023 / 1024
#trace_num=356 recovered=1023 / 1024
#trace_num=357 recovered=1023 / 1024
#trace_num=358 recovered=1023 / 1024
#trace_num=359 recovered=1023 / 1024
#trace_num=360 recovered=1023 / 1024
#trace_num=361 recovered=1023 / 1024
#trace_num=362 recovered=1023 / 1024
#trace_num=363 recovered=1023 / 1024
#trace_num=364 recovered=1023 / 1024
#trace_num=365 recovered=1023 / 1024
#trace_num=366 recovered=1023 / 1024
#trace_num=367 recovered=1023 / 1024
#trace_num=368 recovered=1023 / 1024
#trace_num=369 recovered=1023 / 1024
#trace_num=370 recovered=1023 / 1024
#trace_num=371 recovered=1023 / 1024
#trace_num=372 recovered=1023 / 1024
#trace_num=373 recovered=1023 / 1024
#trace_num=374 recovered=1023 / 1024
#trace_num=375 recovered=1023 / 1024
#trace_num=376 recovered=1023 / 1024
#trace_num=377 recovered=1023 / 1024
#trace_num=378 recovered=1023 / 1024
#trace_num=379 recovered=1023 / 1024
#trace_num=380 recovered=1023 / 1024
#trace_num=381 recovered=1023 / 1024
#trace_num=382 recovered=1023 / 1024
#trace_num=383 recovered=1023 / 1024
#trace_num=384 recovered=1023 / 1024
#trace_num=385 recovered=1023 / 1024
#trace_num=386 recovered=1023 / 1024
#trace_num=387 recovered=1023 / 1024
#trace_num=388 recovered=1023 / 1024
#trace_num=389 recovered=1023 / 1024
#trace_num=390 recovered=1023 / 1024
#trace_num=391 recovered=1023 / 1024
#trace_num=392 recovered=1023 / 1024
#trace_num=393 recovered=1024 / 1024

=== Timing Info ===
Start: 2025年 12月 16日 星期二 11:02:53 CST
End  : 2025年 12月 16日 星期二 12:08:32 CST
Elapsed: 3939 seconds
